<?xml version="1.0" encoding="UTF-8"?>
<coverage generated="1643642793219" clover="3.2.0">
  <project timestamp="1643642793219" name="All files">
    <metrics statements="127" coveredstatements="66" conditionals="23" coveredconditionals="1" methods="37" coveredmethods="14" elements="187" coveredelements="81" complexity="0" loc="127" ncloc="127" packages="1" files="6" classes="6"/>
    <file name="GateController.ts" path="C:\Projects\test\learning-bootcamp\src\ts\GateController.ts">
      <metrics statements="64" coveredstatements="22" conditionals="15" coveredconditionals="1" methods="15" coveredmethods="3"/>
      <line num="2" count="3" type="stmt"/>
      <line num="3" count="3" type="stmt"/>
      <line num="5" count="3" type="stmt"/>
      <line num="6" count="2" type="stmt"/>
      <line num="7" count="2" type="stmt"/>
      <line num="8" count="2" type="stmt"/>
      <line num="10" count="2" type="stmt"/>
      <line num="11" count="2" type="stmt"/>
      <line num="12" count="2" type="stmt"/>
      <line num="16" count="2" type="stmt"/>
      <line num="21" count="3" type="stmt"/>
      <line num="22" count="0" type="stmt"/>
      <line num="26" count="0" type="stmt"/>
      <line num="29" count="3" type="stmt"/>
      <line num="30" count="0" type="stmt"/>
      <line num="34" count="0" type="stmt"/>
      <line num="38" count="2" type="stmt"/>
      <line num="44" count="3" type="stmt"/>
      <line num="45" count="0" type="stmt"/>
      <line num="46" count="0" type="stmt"/>
      <line num="48" count="0" type="cond" truecount="0" falsecount="1"/>
      <line num="49" count="0" type="stmt"/>
      <line num="50" count="0" type="stmt"/>
      <line num="51" count="0" type="stmt"/>
      <line num="52" count="0" type="stmt"/>
      <line num="54" count="0" type="stmt"/>
      <line num="57" count="0" type="cond" truecount="0" falsecount="1"/>
      <line num="58" count="0" type="stmt"/>
      <line num="59" count="0" type="cond" truecount="0" falsecount="1"/>
      <line num="60" count="0" type="stmt"/>
      <line num="61" count="0" type="stmt"/>
      <line num="62" count="0" type="stmt"/>
      <line num="64" count="0" type="stmt"/>
      <line num="67" count="0" type="stmt"/>
      <line num="68" count="0" type="stmt"/>
      <line num="69" count="0" type="stmt"/>
      <line num="71" count="0" type="cond" truecount="0" falsecount="2"/>
      <line num="74" count="0" type="stmt"/>
      <line num="77" count="3" type="stmt"/>
      <line num="78" count="0" type="stmt"/>
      <line num="79" count="0" type="stmt"/>
      <line num="80" count="0" type="stmt"/>
      <line num="82" count="0" type="cond" truecount="0" falsecount="2"/>
      <line num="85" count="0" type="stmt"/>
      <line num="88" count="3" type="stmt"/>
      <line num="89" count="0" type="stmt"/>
      <line num="90" count="0" type="stmt"/>
      <line num="91" count="0" type="cond" truecount="0" falsecount="2"/>
      <line num="92" count="0" type="stmt"/>
      <line num="94" count="0" type="stmt"/>
      <line num="96" count="0" type="cond" truecount="0" falsecount="1"/>
      <line num="99" count="0" type="cond" truecount="0" falsecount="2"/>
      <line num="100" count="0" type="stmt"/>
      <line num="104" count="3" type="stmt"/>
      <line num="105" count="1" type="stmt"/>
      <line num="106" count="1" type="cond" truecount="1" falsecount="2"/>
      <line num="107" count="0" type="stmt"/>
      <line num="109" count="0" type="stmt"/>
      <line num="113" count="3" type="stmt"/>
      <line num="114" count="0" type="stmt"/>
      <line num="115" count="0" type="stmt"/>
      <line num="116" count="0" type="stmt"/>
      <line num="119" count="3" type="stmt"/>
      <line num="121" count="3" type="stmt"/>
    </file>
    <file name="GateInterface.ts" path="C:\Projects\test\learning-bootcamp\src\ts\GateInterface.ts">
      <metrics statements="12" coveredstatements="12" conditionals="0" coveredconditionals="0" methods="5" coveredmethods="5"/>
      <line num="3" count="2" type="stmt"/>
      <line num="5" count="2" type="stmt"/>
      <line num="9" count="4" type="stmt"/>
      <line num="12" count="2" type="stmt"/>
      <line num="13" count="1" type="stmt"/>
      <line num="14" count="1" type="stmt"/>
      <line num="17" count="2" type="stmt"/>
      <line num="18" count="1" type="stmt"/>
      <line num="21" count="2" type="stmt"/>
      <line num="22" count="1" type="stmt"/>
      <line num="24" count="2" type="stmt"/>
      <line num="26" count="2" type="stmt"/>
    </file>
    <file name="GateSensor.ts" path="C:\Projects\test\learning-bootcamp\src\ts\GateSensor.ts">
      <metrics statements="6" coveredstatements="6" conditionals="0" coveredconditionals="0" methods="2" coveredmethods="2"/>
      <line num="2" count="2" type="stmt"/>
      <line num="4" count="2" type="stmt"/>
      <line num="5" count="2" type="stmt"/>
      <line num="6" count="1" type="stmt"/>
      <line num="8" count="2" type="stmt"/>
      <line num="10" count="2" type="stmt"/>
    </file>
    <file name="GateSystem.ts" path="C:\Projects\test\learning-bootcamp\src\ts\GateSystem.ts">
      <metrics statements="9" coveredstatements="9" conditionals="0" coveredconditionals="0" methods="1" coveredmethods="1"/>
      <line num="2" count="1" type="stmt"/>
      <line num="3" count="1" type="stmt"/>
      <line num="4" count="1" type="stmt"/>
      <line num="6" count="1" type="stmt"/>
      <line num="7" count="1" type="stmt"/>
      <line num="8" count="1" type="stmt"/>
      <line num="9" count="1" type="stmt"/>
      <line num="10" count="1" type="stmt"/>
      <line num="12" count="1" type="stmt"/>
    </file>
    <file name="MessagesController.ts" path="C:\Projects\test\learning-bootcamp\src\ts\MessagesController.ts">
      <metrics statements="10" coveredstatements="7" conditionals="0" coveredconditionals="0" methods="5" coveredmethods="2"/>
      <line num="1" count="4" type="stmt"/>
      <line num="2" count="4" type="stmt"/>
      <line num="6" count="4" type="stmt"/>
      <line num="7" count="0" type="stmt"/>
      <line num="8" count="0" type="stmt"/>
      <line num="11" count="4" type="stmt"/>
      <line num="12" count="0" type="stmt"/>
      <line num="14" count="4" type="stmt"/>
      <line num="16" count="4" type="stmt"/>
      <line num="18" count="4" type="stmt"/>
    </file>
    <file name="PubSub.ts" path="C:\Projects\test\learning-bootcamp\src\ts\PubSub.ts">
      <metrics statements="26" coveredstatements="10" conditionals="8" coveredconditionals="0" methods="9" coveredmethods="1"/>
      <line num="9" count="3" type="stmt"/>
      <line num="10" count="3" type="stmt"/>
      <line num="13" count="3" type="stmt"/>
      <line num="14" count="0" type="cond" truecount="0" falsecount="2"/>
      <line num="15" count="0" type="cond" truecount="0" falsecount="2"/>
      <line num="16" count="0" type="stmt"/>
      <line num="18" count="0" type="stmt"/>
      <line num="21" count="0" type="stmt"/>
      <line num="25" count="3" type="stmt"/>
      <line num="26" count="0" type="stmt"/>
      <line num="28" count="0" type="stmt"/>
      <line num="31" count="0" type="cond" truecount="0" falsecount="2"/>
      <line num="32" count="0" type="stmt"/>
      <line num="34" count="0" type="stmt"/>
      <line num="38" count="3" type="stmt"/>
      <line num="39" count="0" type="stmt"/>
      <line num="40" count="0" type="stmt"/>
      <line num="44" count="3" type="stmt"/>
      <line num="45" count="0" type="cond" truecount="0" falsecount="2"/>
      <line num="47" count="0" type="stmt"/>
      <line num="51" count="0" type="stmt"/>
      <line num="54" count="3" type="stmt"/>
      <line num="58" count="0" type="stmt"/>
      <line num="60" count="3" type="stmt"/>
      <line num="62" count="3" type="stmt"/>
      <line num="64" count="3" type="stmt"/>
    </file>
  </project>
</coverage>
