{"C:\\Projects\\test\\learning-bootcamp\\src\\ts\\GateController.ts": {"path":"C:\\Projects\\test\\learning-bootcamp\\src\\ts\\GateController.ts","statementMap":{"0":{"start":{"line":2,"column":0},"end":{"line":2,"column":30}},"1":{"start":{"line":3,"column":0},"end":{"line":3,"column":54}},"2":{"start":{"line":5,"column":0},"end":{"line":5,"column":null}},"3":{"start":{"line":6,"column":10},"end":{"line":6,"column":29}},"4":{"start":{"line":7,"column":10},"end":{"line":7,"column":32}},"5":{"start":{"line":8,"column":10},"end":{"line":8,"column":34}},"6":{"start":{"line":10,"column":10},"end":{"line":10,"column":37}},"7":{"start":{"line":11,"column":10},"end":{"line":11,"column":37}},"8":{"start":{"line":12,"column":10},"end":{"line":15,"column":4}},"9":{"start":{"line":16,"column":10},"end":{"line":19,"column":4}},"10":{"start":{"line":38,"column":4},"end":{"line":41,"column":6}},"11":{"start":{"line":21,"column":2},"end":{"line":23,"column":null}},"12":{"start":{"line":22,"column":4},"end":{"line":22,"column":35}},"13":{"start":{"line":26,"column":4},"end":{"line":26,"column":34}},"14":{"start":{"line":29,"column":2},"end":{"line":31,"column":null}},"15":{"start":{"line":30,"column":4},"end":{"line":30,"column":35}},"16":{"start":{"line":34,"column":4},"end":{"line":34,"column":34}},"17":{"start":{"line":44,"column":9},"end":{"line":75,"column":null}},"18":{"start":{"line":45,"column":4},"end":{"line":45,"column":62}},"19":{"start":{"line":46,"column":4},"end":{"line":46,"column":44}},"20":{"start":{"line":48,"column":4},"end":{"line":55,"column":null}},"21":{"start":{"line":49,"column":6},"end":{"line":49,"column":76}},"22":{"start":{"line":50,"column":6},"end":{"line":50,"column":33}},"23":{"start":{"line":51,"column":6},"end":{"line":51,"column":35}},"24":{"start":{"line":52,"column":6},"end":{"line":52,"column":38}},"25":{"start":{"line":54,"column":6},"end":{"line":54,"column":13}},"26":{"start":{"line":57,"column":4},"end":{"line":65,"column":null}},"27":{"start":{"line":58,"column":6},"end":{"line":58,"column":74}},"28":{"start":{"line":59,"column":6},"end":{"line":60,"column":52}},"29":{"start":{"line":60,"column":8},"end":{"line":60,"column":52}},"30":{"start":{"line":61,"column":6},"end":{"line":61,"column":33}},"31":{"start":{"line":62,"column":6},"end":{"line":62,"column":34}},"32":{"start":{"line":64,"column":6},"end":{"line":64,"column":13}},"33":{"start":{"line":67,"column":4},"end":{"line":67,"column":30}},"34":{"start":{"line":68,"column":4},"end":{"line":68,"column":34}},"35":{"start":{"line":69,"column":4},"end":{"line":69,"column":27}},"36":{"start":{"line":71,"column":17},"end":{"line":73,"column":31}},"37":{"start":{"line":74,"column":4},"end":{"line":74,"column":46}},"38":{"start":{"line":77,"column":10},"end":{"line":86,"column":null}},"39":{"start":{"line":78,"column":27},"end":{"line":78,"column":77}},"40":{"start":{"line":79,"column":4},"end":{"line":79,"column":45}},"41":{"start":{"line":80,"column":4},"end":{"line":80,"column":31}},"42":{"start":{"line":82,"column":17},"end":{"line":84,"column":52}},"43":{"start":{"line":85,"column":4},"end":{"line":85,"column":46}},"44":{"start":{"line":88,"column":10},"end":{"line":102,"column":null}},"45":{"start":{"line":88,"column":2},"end":{"line":88,"column":10}},"46":{"start":{"line":89,"column":4},"end":{"line":101,"column":32}},"47":{"start":{"line":90,"column":6},"end":{"line":90,"column":33}},"48":{"start":{"line":91,"column":6},"end":{"line":97,"column":null}},"49":{"start":{"line":92,"column":8},"end":{"line":92,"column":40}},"50":{"start":{"line":94,"column":8},"end":{"line":94,"column":43}},"51":{"start":{"line":96,"column":8},"end":{"line":96,"column":52}},"52":{"start":{"line":96,"column":29},"end":{"line":96,"column":52}},"53":{"start":{"line":99,"column":19},"end":{"line":99,"column":69}},"54":{"start":{"line":100,"column":6},"end":{"line":100,"column":48}},"55":{"start":{"line":104,"column":9},"end":{"line":111,"column":null}},"56":{"start":{"line":105,"column":4},"end":{"line":105,"column":69}},"57":{"start":{"line":106,"column":4},"end":{"line":110,"column":null}},"58":{"start":{"line":107,"column":6},"end":{"line":107,"column":38}},"59":{"start":{"line":109,"column":6},"end":{"line":109,"column":13}},"60":{"start":{"line":113,"column":10},"end":{"line":118,"column":null}},"61":{"start":{"line":113,"column":2},"end":{"line":113,"column":10}},"62":{"start":{"line":114,"column":4},"end":{"line":117,"column":32}},"63":{"start":{"line":115,"column":6},"end":{"line":115,"column":71}},"64":{"start":{"line":116,"column":6},"end":{"line":116,"column":28}},"65":{"start":{"line":119,"column":0},"end":{"line":119,"column":null}},"66":{"start":{"line":121,"column":0},"end":{"line":121,"column":30}}},"fnMap":{"0":{"name":"(anonymous_0)","decl":{"start":{"line":5,"column":0},"end":{"line":5,"column":null}},"loc":{"start":{"line":5,"column":0},"end":{"line":119,"column":null}}},"1":{"name":"GateController","decl":{"start":{"line":37,"column":2},"end":{"line":37,"column":null}},"loc":{"start":{"line":37,"column":2},"end":{"line":42,"column":3}}},"2":{"name":"(anonymous_2)","decl":{"start":{"line":13,"column":4},"end":{"line":13,"column":11}},"loc":{"start":{"line":13,"column":4},"end":{"line":13,"column":12}}},"3":{"name":"(anonymous_3)","decl":{"start":{"line":17,"column":4},"end":{"line":17,"column":11}},"loc":{"start":{"line":17,"column":4},"end":{"line":17,"column":12}}},"4":{"name":"(anonymous_4)","decl":{"start":{"line":21,"column":2},"end":{"line":21,"column":6}},"loc":{"start":{"line":21,"column":2},"end":{"line":23,"column":3}}},"5":{"name":"(anonymous_5)","decl":{"start":{"line":25,"column":2},"end":{"line":25,"column":25}},"loc":{"start":{"line":25,"column":28},"end":{"line":27,"column":3}}},"6":{"name":"(anonymous_6)","decl":{"start":{"line":29,"column":2},"end":{"line":29,"column":6}},"loc":{"start":{"line":29,"column":2},"end":{"line":31,"column":3}}},"7":{"name":"(anonymous_7)","decl":{"start":{"line":33,"column":2},"end":{"line":33,"column":25}},"loc":{"start":{"line":33,"column":28},"end":{"line":35,"column":3}}},"8":{"name":"(anonymous_8)","decl":{"start":{"line":44,"column":2},"end":{"line":44,"column":9}},"loc":{"start":{"line":44,"column":2},"end":{"line":75,"column":3}}},"9":{"name":"(anonymous_9)","decl":{"start":{"line":77,"column":2},"end":{"line":77,"column":10}},"loc":{"start":{"line":77,"column":2},"end":{"line":86,"column":3}}},"10":{"name":"(anonymous_10)","decl":{"start":{"line":88,"column":2},"end":{"line":88,"column":10}},"loc":{"start":{"line":88,"column":43},"end":{"line":102,"column":3}}},"11":{"name":"(anonymous_11)","decl":{"start":{"line":89,"column":47},"end":{"line":89,"column":null}},"loc":{"start":{"line":89,"column":47},"end":{"line":101,"column":5}}},"12":{"name":"(anonymous_12)","decl":{"start":{"line":104,"column":2},"end":{"line":104,"column":9}},"loc":{"start":{"line":104,"column":2},"end":{"line":111,"column":3}}},"13":{"name":"(anonymous_13)","decl":{"start":{"line":113,"column":2},"end":{"line":113,"column":10}},"loc":{"start":{"line":113,"column":2},"end":{"line":118,"column":3}}},"14":{"name":"(anonymous_14)","decl":{"start":{"line":114,"column":43},"end":{"line":114,"column":null}},"loc":{"start":{"line":114,"column":43},"end":{"line":117,"column":5}}}},"branchMap":{"0":{"loc":{"start":{"line":48,"column":4},"end":{"line":55,"column":null}},"type":"if","locations":[{"start":{"line":48,"column":4},"end":{"line":55,"column":null}}]},"1":{"loc":{"start":{"line":57,"column":4},"end":{"line":65,"column":null}},"type":"if","locations":[{"start":{"line":57,"column":4},"end":{"line":65,"column":null}}]},"2":{"loc":{"start":{"line":59,"column":6},"end":{"line":60,"column":52}},"type":"if","locations":[{"start":{"line":59,"column":6},"end":{"line":60,"column":52}}]},"3":{"loc":{"start":{"line":71,"column":17},"end":{"line":73,"column":31}},"type":"cond-expr","locations":[{"start":{"line":72,"column":8},"end":{"line":72,"column":31}},{"start":{"line":73,"column":8},"end":{"line":73,"column":31}}]},"4":{"loc":{"start":{"line":82,"column":17},"end":{"line":84,"column":52}},"type":"cond-expr","locations":[{"start":{"line":83,"column":8},"end":{"line":83,"column":52}},{"start":{"line":84,"column":8},"end":{"line":84,"column":52}}]},"5":{"loc":{"start":{"line":91,"column":6},"end":{"line":97,"column":null}},"type":"if","locations":[{"start":{"line":91,"column":6},"end":{"line":97,"column":null}},{"start":{"line":93,"column":13},"end":{"line":97,"column":null}}]},"6":{"loc":{"start":{"line":96,"column":8},"end":{"line":96,"column":52}},"type":"if","locations":[{"start":{"line":96,"column":8},"end":{"line":96,"column":52}}]},"7":{"loc":{"start":{"line":99,"column":19},"end":{"line":99,"column":69}},"type":"cond-expr","locations":[{"start":{"line":99,"column":37},"end":{"line":99,"column":51}},{"start":{"line":99,"column":54},"end":{"line":99,"column":69}}]},"8":{"loc":{"start":{"line":106,"column":4},"end":{"line":110,"column":null}},"type":"if","locations":[{"start":{"line":106,"column":4},"end":{"line":110,"column":null}}]},"9":{"loc":{"start":{"line":106,"column":8},"end":{"line":106,"column":45}},"type":"binary-expr","locations":[{"start":{"line":106,"column":8},"end":{"line":106,"column":26}},{"start":{"line":106,"column":30},"end":{"line":106,"column":45}}]}},"s":{"0":3,"1":3,"2":3,"3":2,"4":2,"5":2,"6":2,"7":2,"8":2,"9":2,"10":2,"11":3,"12":0,"13":0,"14":3,"15":0,"16":0,"17":3,"18":0,"19":0,"20":0,"21":0,"22":0,"23":0,"24":0,"25":0,"26":0,"27":0,"28":0,"29":0,"30":0,"31":0,"32":0,"33":0,"34":0,"35":0,"36":0,"37":0,"38":3,"39":0,"40":0,"41":0,"42":0,"43":0,"44":3,"45":0,"46":0,"47":0,"48":0,"49":0,"50":0,"51":0,"52":0,"53":0,"54":0,"55":3,"56":1,"57":1,"58":0,"59":0,"60":3,"61":0,"62":0,"63":0,"64":0,"65":3,"66":3},"f":{"0":3,"1":2,"2":0,"3":0,"4":0,"5":0,"6":0,"7":0,"8":0,"9":0,"10":0,"11":0,"12":1,"13":0,"14":0},"b":{"0":[0],"1":[0],"2":[0],"3":[0,0],"4":[0,0],"5":[0,0],"6":[0],"7":[0,0],"8":[0],"9":[1,0]}}
,"C:\\Projects\\test\\learning-bootcamp\\src\\ts\\GateInterface.ts": {"path":"C:\\Projects\\test\\learning-bootcamp\\src\\ts\\GateInterface.ts","statementMap":{"0":{"start":{"line":3,"column":0},"end":{"line":3,"column":54}},"1":{"start":{"line":5,"column":0},"end":{"line":5,"column":null}},"2":{"start":{"line":9,"column":4},"end":{"line":9,"column":37}},"3":{"start":{"line":12,"column":9},"end":{"line":15,"column":null}},"4":{"start":{"line":13,"column":4},"end":{"line":13,"column":63}},"5":{"start":{"line":14,"column":4},"end":{"line":14,"column":41}},"6":{"start":{"line":17,"column":9},"end":{"line":19,"column":null}},"7":{"start":{"line":18,"column":4},"end":{"line":18,"column":50}},"8":{"start":{"line":21,"column":9},"end":{"line":23,"column":null}},"9":{"start":{"line":22,"column":4},"end":{"line":22,"column":50}},"10":{"start":{"line":24,"column":0},"end":{"line":24,"column":null}},"11":{"start":{"line":26,"column":0},"end":{"line":26,"column":29}}},"fnMap":{"0":{"name":"(anonymous_0)","decl":{"start":{"line":5,"column":0},"end":{"line":5,"column":null}},"loc":{"start":{"line":5,"column":0},"end":{"line":24,"column":null}}},"1":{"name":"GateInterface","decl":{"start":{"line":8,"column":2},"end":{"line":8,"column":14}},"loc":{"start":{"line":8,"column":40},"end":{"line":10,"column":3}}},"2":{"name":"(anonymous_2)","decl":{"start":{"line":12,"column":2},"end":{"line":12,"column":9}},"loc":{"start":{"line":12,"column":2},"end":{"line":15,"column":3}}},"3":{"name":"(anonymous_3)","decl":{"start":{"line":17,"column":2},"end":{"line":17,"column":9}},"loc":{"start":{"line":17,"column":47},"end":{"line":19,"column":3}}},"4":{"name":"(anonymous_4)","decl":{"start":{"line":21,"column":2},"end":{"line":21,"column":9}},"loc":{"start":{"line":21,"column":42},"end":{"line":23,"column":3}}}},"branchMap":{},"s":{"0":2,"1":2,"2":4,"3":2,"4":1,"5":1,"6":2,"7":1,"8":2,"9":1,"10":2,"11":2},"f":{"0":2,"1":4,"2":1,"3":1,"4":1},"b":{}}
,"C:\\Projects\\test\\learning-bootcamp\\src\\ts\\GateSensor.ts": {"path":"C:\\Projects\\test\\learning-bootcamp\\src\\ts\\GateSensor.ts","statementMap":{"0":{"start":{"line":2,"column":0},"end":{"line":2,"column":30}},"1":{"start":{"line":4,"column":0},"end":{"line":4,"column":null}},"2":{"start":{"line":5,"column":9},"end":{"line":7,"column":null}},"3":{"start":{"line":6,"column":4},"end":{"line":6,"column":46}},"4":{"start":{"line":8,"column":0},"end":{"line":8,"column":null}},"5":{"start":{"line":10,"column":0},"end":{"line":10,"column":26}}},"fnMap":{"0":{"name":"(anonymous_0)","decl":{"start":{"line":4,"column":0},"end":{"line":4,"column":null}},"loc":{"start":{"line":4,"column":0},"end":{"line":8,"column":null}}},"1":{"name":"(anonymous_2)","decl":{"start":{"line":5,"column":2},"end":{"line":5,"column":9}},"loc":{"start":{"line":5,"column":2},"end":{"line":7,"column":3}}}},"branchMap":{},"s":{"0":2,"1":2,"2":2,"3":1,"4":2,"5":2},"f":{"0":3,"1":1},"b":{}}
,"C:\\Projects\\test\\learning-bootcamp\\src\\ts\\GateSystem.ts": {"path":"C:\\Projects\\test\\learning-bootcamp\\src\\ts\\GateSystem.ts","statementMap":{"0":{"start":{"line":2,"column":0},"end":{"line":2,"column":38}},"1":{"start":{"line":3,"column":0},"end":{"line":3,"column":46}},"2":{"start":{"line":4,"column":0},"end":{"line":4,"column":44}},"3":{"start":{"line":6,"column":0},"end":{"line":6,"column":null}},"4":{"start":{"line":7,"column":9},"end":{"line":7,"column":47}},"5":{"start":{"line":8,"column":9},"end":{"line":8,"column":59}},"6":{"start":{"line":9,"column":9},"end":{"line":9,"column":71}},"7":{"start":{"line":10,"column":0},"end":{"line":10,"column":null}},"8":{"start":{"line":12,"column":0},"end":{"line":12,"column":26}}},"fnMap":{"0":{"name":"(anonymous_0)","decl":{"start":{"line":6,"column":0},"end":{"line":6,"column":null}},"loc":{"start":{"line":6,"column":0},"end":{"line":10,"column":null}}}},"branchMap":{},"s":{"0":1,"1":1,"2":1,"3":1,"4":1,"5":1,"6":1,"7":1,"8":1},"f":{"0":2},"b":{}}
,"C:\\Projects\\test\\learning-bootcamp\\src\\ts\\MessagesController.ts": {"path":"C:\\Projects\\test\\learning-bootcamp\\src\\ts\\MessagesController.ts","statementMap":{"0":{"start":{"line":1,"column":0},"end":{"line":1,"column":null}},"1":{"start":{"line":2,"column":10},"end":{"line":2,"column":44}},"2":{"start":{"line":6,"column":9},"end":{"line":9,"column":null}},"3":{"start":{"line":7,"column":4},"end":{"line":7,"column":67}},"4":{"start":{"line":8,"column":4},"end":{"line":8,"column":null}},"5":{"start":{"line":11,"column":9},"end":{"line":13,"column":null}},"6":{"start":{"line":12,"column":4},"end":{"line":12,"column":73}},"7":{"start":{"line":12,"column":52},"end":{"line":12,"column":72}},"8":{"start":{"line":14,"column":0},"end":{"line":14,"column":null}},"9":{"start":{"line":16,"column":27},"end":{"line":16,"column":51}},"10":{"start":{"line":18,"column":0},"end":{"line":18,"column":34}}},"fnMap":{"0":{"name":"(anonymous_0)","decl":{"start":{"line":1,"column":0},"end":{"line":1,"column":null}},"loc":{"start":{"line":1,"column":0},"end":{"line":14,"column":null}}},"1":{"name":"MessagesController","decl":{"start":{"line":4,"column":2},"end":{"line":4,"column":16}},"loc":{"start":{"line":4,"column":2},"end":{"line":4,"column":17}}},"2":{"name":"(anonymous_2)","decl":{"start":{"line":6,"column":2},"end":{"line":6,"column":9}},"loc":{"start":{"line":6,"column":38},"end":{"line":9,"column":3}}},"3":{"name":"(anonymous_3)","decl":{"start":{"line":11,"column":2},"end":{"line":11,"column":9}},"loc":{"start":{"line":11,"column":2},"end":{"line":13,"column":3}}},"4":{"name":"(anonymous_4)","decl":{"start":{"line":12,"column":31},"end":{"line":12,"column":32}},"loc":{"start":{"line":12,"column":47},"end":{"line":12,"column":59}}}},"branchMap":{},"s":{"0":4,"1":4,"2":4,"3":0,"4":0,"5":4,"6":0,"7":0,"8":4,"9":4,"10":4},"f":{"0":4,"1":4,"2":0,"3":0,"4":0},"b":{}}
,"C:\\Projects\\test\\learning-bootcamp\\src\\ts\\PubSub.ts": {"path":"C:\\Projects\\test\\learning-bootcamp\\src\\ts\\PubSub.ts","statementMap":{"0":{"start":{"line":9,"column":0},"end":{"line":9,"column":null}},"1":{"start":{"line":10,"column":10},"end":{"line":10,"column":44}},"2":{"start":{"line":13,"column":9},"end":{"line":23,"column":null}},"3":{"start":{"line":14,"column":4},"end":{"line":22,"column":null}},"4":{"start":{"line":15,"column":6},"end":{"line":19,"column":null}},"5":{"start":{"line":16,"column":8},"end":{"line":16,"column":58}},"6":{"start":{"line":18,"column":8},"end":{"line":18,"column":56}},"7":{"start":{"line":21,"column":6},"end":{"line":21,"column":52}},"8":{"start":{"line":25,"column":9},"end":{"line":36,"column":null}},"9":{"start":{"line":25,"column":2},"end":{"line":25,"column":9}},"10":{"start":{"line":26,"column":30},"end":{"line":28,"column":null}},"11":{"start":{"line":28,"column":8},"end":{"line":28,"column":null}},"12":{"start":{"line":31,"column":4},"end":{"line":35,"column":null}},"13":{"start":{"line":32,"column":6},"end":{"line":32,"column":65}},"14":{"start":{"line":34,"column":6},"end":{"line":34,"column":54}},"15":{"start":{"line":38,"column":9},"end":{"line":42,"column":null}},"16":{"start":{"line":38,"column":36},"end":{"line":38,"column":50}},"17":{"start":{"line":39,"column":4},"end":{"line":41,"column":6}},"18":{"start":{"line":40,"column":6},"end":{"line":40,"column":37}},"19":{"start":{"line":44,"column":10},"end":{"line":52,"column":null}},"20":{"start":{"line":44,"column":2},"end":{"line":44,"column":10}},"21":{"start":{"line":45,"column":30},"end":{"line":49,"column":10}},"22":{"start":{"line":47,"column":10},"end":{"line":47,"column":null}},"23":{"start":{"line":51,"column":4},"end":{"line":51,"column":34}},"24":{"start":{"line":54,"column":10},"end":{"line":59,"column":null}},"25":{"start":{"line":58,"column":4},"end":{"line":58,"column":60}},"26":{"start":{"line":60,"column":0},"end":{"line":60,"column":null}},"27":{"start":{"line":62,"column":15},"end":{"line":62,"column":27}},"28":{"start":{"line":64,"column":0},"end":{"line":64,"column":22}}},"fnMap":{"0":{"name":"(anonymous_0)","decl":{"start":{"line":9,"column":0},"end":{"line":9,"column":null}},"loc":{"start":{"line":9,"column":0},"end":{"line":60,"column":null}}},"1":{"name":"(anonymous_2)","decl":{"start":{"line":13,"column":2},"end":{"line":13,"column":9}},"loc":{"start":{"line":13,"column":55},"end":{"line":23,"column":3}}},"2":{"name":"(anonymous_3)","decl":{"start":{"line":25,"column":2},"end":{"line":25,"column":9}},"loc":{"start":{"line":25,"column":57},"end":{"line":36,"column":3}}},"3":{"name":"(anonymous_4)","decl":{"start":{"line":27,"column":6},"end":{"line":27,"column":7}},"loc":{"start":{"line":27,"column":24},"end":{"line":28,"column":12}}},"4":{"name":"(anonymous_5)","decl":{"start":{"line":38,"column":2},"end":{"line":38,"column":9}},"loc":{"start":{"line":38,"column":34},"end":{"line":42,"column":3}}},"5":{"name":"(anonymous_6)","decl":{"start":{"line":39,"column":42},"end":{"line":39,"column":43}},"loc":{"start":{"line":39,"column":60},"end":{"line":40,"column":18}}},"6":{"name":"(anonymous_7)","decl":{"start":{"line":44,"column":2},"end":{"line":44,"column":10}},"loc":{"start":{"line":44,"column":66},"end":{"line":52,"column":3}}},"7":{"name":"(anonymous_8)","decl":{"start":{"line":46,"column":48},"end":{"line":46,"column":49}},"loc":{"start":{"line":46,"column":66},"end":{"line":47,"column":14}}},"8":{"name":"(anonymous_9)","decl":{"start":{"line":54,"column":2},"end":{"line":54,"column":10}},"loc":{"start":{"line":56,"column":24},"end":{"line":59,"column":3}}}},"branchMap":{"0":{"loc":{"start":{"line":14,"column":4},"end":{"line":22,"column":null}},"type":"if","locations":[{"start":{"line":14,"column":4},"end":{"line":22,"column":null}},{"start":{"line":20,"column":11},"end":{"line":22,"column":null}}]},"1":{"loc":{"start":{"line":15,"column":6},"end":{"line":19,"column":null}},"type":"if","locations":[{"start":{"line":15,"column":6},"end":{"line":19,"column":null}},{"start":{"line":17,"column":13},"end":{"line":19,"column":null}}]},"2":{"loc":{"start":{"line":31,"column":4},"end":{"line":35,"column":null}},"type":"if","locations":[{"start":{"line":31,"column":4},"end":{"line":35,"column":null}},{"start":{"line":33,"column":11},"end":{"line":35,"column":null}}]},"3":{"loc":{"start":{"line":45,"column":30},"end":{"line":49,"column":10}},"type":"cond-expr","locations":[{"start":{"line":46,"column":8},"end":{"line":47,"column":null}},{"start":{"line":49,"column":8},"end":{"line":49,"column":10}}]}},"s":{"0":3,"1":3,"2":3,"3":0,"4":0,"5":0,"6":0,"7":0,"8":3,"9":0,"10":0,"11":0,"12":0,"13":0,"14":0,"15":3,"16":0,"17":0,"18":0,"19":3,"20":0,"21":0,"22":0,"23":0,"24":3,"25":0,"26":3,"27":3,"28":3},"f":{"0":6,"1":0,"2":0,"3":0,"4":0,"5":0,"6":0,"7":0,"8":0},"b":{"0":[0,0],"1":[0,0],"2":[0,0],"3":[0,0]}}
}
