TN:
SF:src\ts\GateController.ts
FN:5,(anonymous_0)
FN:37,GateController
FN:13,(anonymous_2)
FN:17,(anonymous_3)
FN:21,(anonymous_4)
FN:25,(anonymous_5)
FN:29,(anonymous_6)
FN:33,(anonymous_7)
FN:44,(anonymous_8)
FN:77,(anonymous_9)
FN:88,(anonymous_10)
FN:89,(anonymous_11)
FN:104,(anonymous_12)
FN:113,(anonymous_13)
FN:114,(anonymous_14)
FNF:15
FNH:3
FNDA:3,(anonymous_0)
FNDA:2,GateController
FNDA:0,(anonymous_2)
FNDA:0,(anonymous_3)
FNDA:0,(anonymous_4)
FNDA:0,(anonymous_5)
FNDA:0,(anonymous_6)
FNDA:0,(anonymous_7)
FNDA:0,(anonymous_8)
FNDA:0,(anonymous_9)
FNDA:0,(anonymous_10)
FNDA:0,(anonymous_11)
FNDA:1,(anonymous_12)
FNDA:0,(anonymous_13)
FNDA:0,(anonymous_14)
DA:2,3
DA:3,3
DA:5,3
DA:6,2
DA:7,2
DA:8,2
DA:10,2
DA:11,2
DA:12,2
DA:16,2
DA:21,3
DA:22,0
DA:26,0
DA:29,3
DA:30,0
DA:34,0
DA:38,2
DA:44,3
DA:45,0
DA:46,0
DA:48,0
DA:49,0
DA:50,0
DA:51,0
DA:52,0
DA:54,0
DA:57,0
DA:58,0
DA:59,0
DA:60,0
DA:61,0
DA:62,0
DA:64,0
DA:67,0
DA:68,0
DA:69,0
DA:71,0
DA:74,0
DA:77,3
DA:78,0
DA:79,0
DA:80,0
DA:82,0
DA:85,0
DA:88,3
DA:89,0
DA:90,0
DA:91,0
DA:92,0
DA:94,0
DA:96,0
DA:99,0
DA:100,0
DA:104,3
DA:105,1
DA:106,1
DA:107,0
DA:109,0
DA:113,3
DA:114,0
DA:115,0
DA:116,0
DA:119,3
DA:121,3
LF:64
LH:22
BRDA:48,0,0,0
BRDA:57,1,0,0
BRDA:59,2,0,0
BRDA:71,3,0,0
BRDA:71,3,1,0
BRDA:82,4,0,0
BRDA:82,4,1,0
BRDA:91,5,0,0
BRDA:91,5,1,0
BRDA:96,6,0,0
BRDA:99,7,0,0
BRDA:99,7,1,0
BRDA:106,8,0,0
BRDA:106,9,0,1
BRDA:106,9,1,0
BRF:15
BRH:1
end_of_record
TN:
SF:src\ts\GateInterface.ts
FN:5,(anonymous_0)
FN:8,GateInterface
FN:12,(anonymous_2)
FN:17,(anonymous_3)
FN:21,(anonymous_4)
FNF:5
FNH:5
FNDA:2,(anonymous_0)
FNDA:4,GateInterface
FNDA:1,(anonymous_2)
FNDA:1,(anonymous_3)
FNDA:1,(anonymous_4)
DA:3,2
DA:5,2
DA:9,4
DA:12,2
DA:13,1
DA:14,1
DA:17,2
DA:18,1
DA:21,2
DA:22,1
DA:24,2
DA:26,2
LF:12
LH:12
BRF:0
BRH:0
end_of_record
TN:
SF:src\ts\GateSensor.ts
FN:4,(anonymous_0)
FN:5,(anonymous_2)
FNF:2
FNH:2
FNDA:3,(anonymous_0)
FNDA:1,(anonymous_2)
DA:2,2
DA:4,2
DA:5,2
DA:6,1
DA:8,2
DA:10,2
LF:6
LH:6
BRF:0
BRH:0
end_of_record
TN:
SF:src\ts\GateSystem.ts
FN:6,(anonymous_0)
FNF:1
FNH:1
FNDA:2,(anonymous_0)
DA:2,1
DA:3,1
DA:4,1
DA:6,1
DA:7,1
DA:8,1
DA:9,1
DA:10,1
DA:12,1
LF:9
LH:9
BRF:0
BRH:0
end_of_record
TN:
SF:src\ts\MessagesController.ts
FN:1,(anonymous_0)
FN:4,MessagesController
FN:6,(anonymous_2)
FN:11,(anonymous_3)
FN:12,(anonymous_4)
FNF:5
FNH:2
FNDA:4,(anonymous_0)
FNDA:4,MessagesController
FNDA:0,(anonymous_2)
FNDA:0,(anonymous_3)
FNDA:0,(anonymous_4)
DA:1,4
DA:2,4
DA:6,4
DA:7,0
DA:8,0
DA:11,4
DA:12,0
DA:14,4
DA:16,4
DA:18,4
LF:10
LH:7
BRF:0
BRH:0
end_of_record
TN:
SF:src\ts\PubSub.ts
FN:9,(anonymous_0)
FN:13,(anonymous_2)
FN:25,(anonymous_3)
FN:27,(anonymous_4)
FN:38,(anonymous_5)
FN:39,(anonymous_6)
FN:44,(anonymous_7)
FN:46,(anonymous_8)
FN:54,(anonymous_9)
FNF:9
FNH:1
FNDA:6,(anonymous_0)
FNDA:0,(anonymous_2)
FNDA:0,(anonymous_3)
FNDA:0,(anonymous_4)
FNDA:0,(anonymous_5)
FNDA:0,(anonymous_6)
FNDA:0,(anonymous_7)
FNDA:0,(anonymous_8)
FNDA:0,(anonymous_9)
DA:9,3
DA:10,3
DA:13,3
DA:14,0
DA:15,0
DA:16,0
DA:18,0
DA:21,0
DA:25,3
DA:26,0
DA:28,0
DA:31,0
DA:32,0
DA:34,0
DA:38,3
DA:39,0
DA:40,0
DA:44,3
DA:45,0
DA:47,0
DA:51,0
DA:54,3
DA:58,0
DA:60,3
DA:62,3
DA:64,3
LF:26
LH:10
BRDA:14,0,0,0
BRDA:14,0,1,0
BRDA:15,1,0,0
BRDA:15,1,1,0
BRDA:31,2,0,0
BRDA:31,2,1,0
BRDA:45,3,0,0
BRDA:45,3,1,0
BRF:8
BRH:0
end_of_record
